e:\imgprocessing\imgprocessing\imgprocessing\x64\debug\imgprocessing.obj
e:\imgprocessing\imgprocessing\imgprocessing\x64\debug\main.obj
e:\imgprocessing\imgprocessing\imgprocessing\x64\debug\imgmethod.obj
e:\imgprocessing\imgprocessing\imgprocessing\x64\debug\vc142.pdb
e:\imgprocessing\imgprocessing\imgprocessing\x64\debug\qrc_imgprocessing.obj
e:\imgprocessing\imgprocessing\imgprocessing\x64\debug\moc_imgprocessing.obj
e:\imgprocessing\imgprocessing\imgprocessing\x64\debug\uic\ui_imgprocessing.h
e:\imgprocessing\imgprocessing\imgprocessing\x64\debug\rcc\qrc_imgprocessing.cpp
e:\imgprocessing\imgprocessing\imgprocessing\x64\debug\moc\moc_imgprocessing.cpp
e:\imgprocessing\imgprocessing\imgprocessing\x64\debug\\moc\moc_imgprocessing.cpp
e:\imgprocessing\imgprocessing\imgprocessing\x64\debug\\rcc\qrc_imgprocessing.cpp
e:\imgprocessing\imgprocessing\imgprocessing\x64\debug\\uic\ui_imgprocessing.h
e:\imgprocessing\imgprocessing\x64\debug\imgprocessing.pdb
e:\imgprocessing\imgprocessing\imgprocessing\x64\debug\imgprocessing.tlog\cl.48572.write.1.tlog
e:\imgprocessing\imgprocessing\imgprocessing\x64\debug\imgprocessing.tlog\cl.command.1.tlog
e:\imgprocessing\imgprocessing\imgprocessing\x64\debug\imgprocessing.tlog\cl.read.1.tlog
e:\imgprocessing\imgprocessing\imgprocessing\x64\debug\imgprocessing.tlog\imgprocessing.write.1u.tlog
e:\imgprocessing\imgprocessing\imgprocessing\x64\debug\imgprocessing.tlog\link-cvtres.read.1.tlog
e:\imgprocessing\imgprocessing\imgprocessing\x64\debug\imgprocessing.tlog\link-cvtres.write.1.tlog
e:\imgprocessing\imgprocessing\imgprocessing\x64\debug\imgprocessing.tlog\link-rc.read.1.tlog
e:\imgprocessing\imgprocessing\imgprocessing\x64\debug\imgprocessing.tlog\link-rc.write.1.tlog
e:\imgprocessing\imgprocessing\imgprocessing\x64\debug\imgprocessing.tlog\link.command.1.tlog
e:\imgprocessing\imgprocessing\imgprocessing\x64\debug\imgprocessing.tlog\link.read.1.tlog
e:\imgprocessing\imgprocessing\imgprocessing\x64\debug\imgprocessing.tlog\link.write.1.tlog
e:\imgprocessing\imgprocessing\imgprocessing\x64\debug\imgprocessing.tlog\moc.read.1u.tlog
e:\imgprocessing\imgprocessing\imgprocessing\x64\debug\imgprocessing.tlog\moc.write.1u.tlog
e:\imgprocessing\imgprocessing\imgprocessing\x64\debug\imgprocessing.tlog\rcc.read.1u.tlog
e:\imgprocessing\imgprocessing\imgprocessing\x64\debug\imgprocessing.tlog\rcc.write.1u.tlog
e:\imgprocessing\imgprocessing\imgprocessing\x64\debug\imgprocessing.tlog\uic.read.1u.tlog
e:\imgprocessing\imgprocessing\imgprocessing\x64\debug\imgprocessing.tlog\uic.write.1u.tlog
